********************************************************************************
DUPLICATOR-LITE PACKAGE-LOG: 2017-06-28 14:07:32
NOTICE: Do NOT post to public sites or forums 
********************************************************************************
VERSION:	1.2.8
WORDPRESS:	4.8
PHP INFO:	7.0.15 | SAPI: apache2handler
SERVER:		Apache/2.2.31 (Unix) mod_wsgi/3.5 Python/2.7.13 PHP/7.0.15 mod_ssl/2.2.31 OpenSSL/1.0.2j DAV/2 mod_fastcgi/2.4.6 mod_perl/2.0.9 Perl/v5.24.0 
PHP TIME LIMIT: (0) no time limit imposed 
PHP MAX MEMORY: 2048M (128M default) 
MEMORY STACK: 8MB 

********************************************************************************
DATABASE:
********************************************************************************
BUILD MODE:   PHP(query limit - 100)
MYSQLTIMEOUT: 5000
MYSQLDUMP:    Is Supported 
TABLES: total:13 | filtered:0 | create:13 
FILTERED: [] 
SQL CREATED: 20170628_webstopblog_9042282fb1e940716120170628140702_database.sql 
SQL FILE SIZE: 463.16KB (474277) 
SQL FILE TIME: 2017-06-28 14:07:32 
SQL RUNTIME: 0.43 sec. 

******************************************************************************** 
ARCHIVE (ZIP): 
******************************************************************************** 
ARCHIVE DIR:  /Applications/MAMP/htdocs/webstop_blog 
ARCHIVE FILE: 20170628_webstopblog_9042282fb1e940716120170628140702_archive.zip 
FILTERS: *OFF* 
DIRS: not set 
EXTS:  not set 
---------------------------------------- 
COMPRESSING 
SIZE:	24.92MB 
STATS:	Dirs 173 | Files 1,610 
SQL ADDED: 20170628_webstopblog_9042282fb1e940716120170628140702_database.sql 
ZipArchive Object
(
    [status] => 0
    [statusSys] => 0
    [numFiles] => 1783
    [filename] => /Applications/MAMP/htdocs/webstop_blog/wp-snapshots/tmp/20170628_webstopblog_9042282fb1e940716120170628140702_archive.zip
    [comment] => 
)
 
COMPRESSION RESULT: '1' 
COMPRESSED SIZE: 9.53MB 
ARCHIVE RUNTIME: 46.57 sec. 
MEMORY STACK: 8MB 

******************************************************************************** 
MAKE INSTALLER: 
******************************************************************************** 
Build Start 
Build Finished 
Preping for use 
Template parsed with new data 
Complete [/Applications/MAMP/htdocs/webstop_blog/wp-snapshots/tmp/20170628_webstopblog_9042282fb1e940716120170628140702_installer.php] 
Added to archive 

******************************************************************************** 
INTEGRITY CHECKS: 
******************************************************************************** 
SQL File: 463.16KB 
Installer File: 428.45KB 
Archive File: 9.53MB  

********************************************************************************
RECORD ID:[1]
TOTAL PROCESS RUNTIME: 47.94 sec.
PEAK PHP MEMORY USED: 10MB
DONE PROCESSING => 20170628_webstopblog 2017-06-28 14:08:20
 
